SF:lib\models\address_check_option.dart
DA:15,1
DA:30,0
DA:31,0
LF:3
LH:1
end_of_record
SF:lib\models\address_check_result.dart
DA:10,1
DA:21,0
DA:22,0
LF:3
LH:1
end_of_record
SF:lib\models\default.dart
DA:36,4
DA:37,1
DA:38,1
DA:39,1
DA:40,1
DA:41,1
LF:6
LH:6
end_of_record
SF:lib\src\current_internet_status.dart
DA:11,0
DA:12,0
DA:13,0
DA:14,0
DA:15,0
DA:16,0
DA:46,0
DA:50,0
DA:55,0
DA:56,0
DA:58,0
DA:62,0
DA:63,0
DA:64,0
DA:65,0
DA:66,0
DA:71,0
DA:74,0
DA:79,0
DA:83,0
DA:86,0
DA:87,0
DA:88,0
DA:89,0
DA:91,0
LF:25
LH:0
end_of_record
SF:lib\src\internet_data_checker.dart
DA:10,2
DA:12,1
DA:14,4
DA:18,1
DA:19,2
DA:21,2
DA:22,1
DA:24,1
DA:30,1
DA:35,1
DA:36,2
DA:37,1
DA:38,1
DA:64,3
DA:68,1
DA:73,1
DA:74,1
DA:75,1
DA:76,1
DA:78,1
DA:79,1
DA:81,0
DA:82,1
DA:90,2
DA:97,1
DA:98,1
DA:99,2
DA:101,2
DA:102,2
DA:103,1
DA:104,1
DA:105,1
DA:106,2
DA:107,1
DA:110,0
DA:111,0
DA:118,1
DA:126,1
DA:127,1
DA:142,1
DA:146,1
DA:147,0
DA:149,1
DA:153,0
DA:154,0
DA:157,0
DA:160,0
DA:163,0
DA:177,3
DA:180,3
DA:186,0
DA:187,0
DA:188,0
LF:53
LH:41
end_of_record
SF:lib\src\internet_status_provider.dart
DA:12,0
DA:22,0
DA:24,0
DA:25,0
DA:28,0
LF:5
LH:0
end_of_record
SF:lib\widgets\internet_status_header.dart
DA:9,0
DA:25,0
DA:31,0
DA:32,0
DA:33,0
DA:38,0
DA:43,0
DA:45,0
DA:46,0
DA:47,0
DA:54,0
DA:56,0
DA:57,0
DA:58,0
DA:66,0
LF:15
LH:0
end_of_record
